<?xml version="1.0" encoding="UTF-8"?>
<!-- Generated by org.testng.reporters.JUnitXMLReporter -->
<testsuite hostname="DESKTOP-5QA3TUK" ignored="0" name="Surefire test" tests="6" failures="0" timestamp="2021-10-02T13:23:36 IST" time="0.19" errors="0">
  <testcase name="iosApps" time="0.008" classname="krish.MavenJava.AppiumTest"/>
  <testcase name="nativeAndroid" time="0.001" classname="krish.MavenJava.AppiumTest"/>
  <testcase name="deleteTwitter" time="0.0" classname="krish.MavenJava.RESTAPITest"/>
  <testcase name="postJira" time="0.0" classname="krish.MavenJava.RESTAPITest"/>
  <testcase name="browserAutomation" time="0.0" classname="krish.MavenJava.SeleniumTest"/>
  <testcase name="elementsUi" time="0.0" classname="krish.MavenJava.SeleniumTest"/>
</testsuite> <!-- Surefire test -->
